<?xml version="1.0" encoding="UTF-8"?>
<testng-results skipped="0" failed="0" ignored="0" total="2" passed="2">
  <reporter-output>
  </reporter-output>
  <suite name="Runner.testRunner" duration-ms="62148" started-at="2024-03-01T14:28:39Z" finished-at="2024-03-01T14:29:41Z">
    <groups>
      <group name="cucumber">
        <method signature="AbstractTestNGCucumberTests.runScenario(io.cucumber.testng.PickleWrapper, io.cucumber.testng.FeatureWrapper)[pri:0, instance:Runner.testRunner@1d082e88]" name="runScenario" class="io.cucumber.testng.AbstractTestNGCucumberTests"/>
      </group> <!-- cucumber -->
    </groups>
    <test name="Command line test" duration-ms="62148" started-at="2024-03-01T14:28:39Z" finished-at="2024-03-01T14:29:41Z">
      <class name="Runner.testRunner">
        <test-method status="PASS" signature="setUpClass(org.testng.ITestContext)[pri:0, instance:Runner.testRunner@1d082e88]" name="setUpClass" is-config="true" duration-ms="436" started-at="2024-03-01T14:28:39Z" finished-at="2024-03-01T14:28:39Z">
          <params>
            <param index="0">
              <value>
                <![CDATA[org.testng.TestRunner@65da1cbe]]>
              </value>
            </param>
          </params>
          <reporter-output>
          </reporter-output>
        </test-method> <!-- setUpClass -->
        <test-method status="PASS" signature="runScenario(io.cucumber.testng.PickleWrapper, io.cucumber.testng.FeatureWrapper)[pri:0, instance:Runner.testRunner@1d082e88]" name="runScenario" duration-ms="43421" started-at="2024-03-01T14:28:39Z" description="Runs Cucumber Scenarios" data-provider="scenarios" finished-at="2024-03-01T14:29:22Z">
          <params>
            <param index="0">
              <value>
                <![CDATA["user should be able to add items and signUp"]]>
              </value>
            </param>
            <param index="1">
              <value>
                <![CDATA["SingUp | user should be able to add items to the cart and to sign up with new account"]]>
              </value>
            </param>
          </params>
          <reporter-output>
          </reporter-output>
        </test-method> <!-- runScenario -->
        <test-method status="PASS" signature="runScenario(io.cucumber.testng.PickleWrapper, io.cucumber.testng.FeatureWrapper)[pri:0, instance:Runner.testRunner@1d082e88]" name="runScenario" duration-ms="17983" started-at="2024-03-01T14:29:23Z" description="Runs Cucumber Scenarios" data-provider="scenarios" finished-at="2024-03-01T14:29:41Z">
          <params>
            <param index="0">
              <value>
                <![CDATA["user should be able to signUp with Random data"]]>
              </value>
            </param>
            <param index="1">
              <value>
                <![CDATA["SingUp | user should be able to sign up new account with Random data"]]>
              </value>
            </param>
          </params>
          <reporter-output>
          </reporter-output>
        </test-method> <!-- runScenario -->
        <test-method status="PASS" signature="tearDownClass()[pri:0, instance:Runner.testRunner@1d082e88]" name="tearDownClass" is-config="true" duration-ms="194" started-at="2024-03-01T14:29:41Z" finished-at="2024-03-01T14:29:41Z">
          <reporter-output>
          </reporter-output>
        </test-method> <!-- tearDownClass -->
      </class> <!-- Runner.testRunner -->
    </test> <!-- Command line test -->
  </suite> <!-- Runner.testRunner -->
</testng-results>
