<?xml version="1.0" encoding="UTF-8"?>
<!-- Generated by org.testng.reporters.JUnitXMLReporter -->
<testsuite hostname="Nourhane-Mahrous" ignored="0" name="Command line test" tests="2" failures="0" timestamp="01 Mar 2024 14:29:41 GMT" time="62.148" errors="0">
  <testcase name="runScenario" time="43.421" classname="io.cucumber.testng.AbstractTestNGCucumberTests"/>
  <testcase name="runScenario" time="17.983" classname="io.cucumber.testng.AbstractTestNGCucumberTests"/>
</testsuite> <!-- Command line test -->
